2023-10-12T09:06:00.816+09:00  INFO 17380 --- [restartedMain] kr.ch12.Ch12Application                  : Starting Ch12Application using Java 17.0.8.1 with PID 17380 (C:\Users\JAVA\Desktop\Workspace\Spring\Ch12\bin\main started by JAVA in C:\Users\JAVA\Desktop\Workspace\Spring\Ch12)
2023-10-12T09:06:00.820+09:00  INFO 17380 --- [restartedMain] kr.ch12.Ch12Application                  : No active profile set, falling back to 1 default profile: "default"
2023-10-12T09:06:00.840+09:00  INFO 17380 --- [restartedMain] .e.DevToolsPropertyDefaultsPostProcessor : Devtools property defaults active! Set 'spring.devtools.add-properties' to 'false' to disable
2023-10-12T09:06:00.841+09:00  INFO 17380 --- [restartedMain] .e.DevToolsPropertyDefaultsPostProcessor : For additional web related logging consider setting the 'logging.level.web' property to 'DEBUG'
2023-10-12T09:06:01.114+09:00  INFO 17380 --- [restartedMain] .s.d.r.c.RepositoryConfigurationDelegate : Bootstrapping Spring Data JPA repositories in DEFAULT mode.
2023-10-12T09:06:01.141+09:00  INFO 17380 --- [restartedMain] .s.d.r.c.RepositoryConfigurationDelegate : Finished Spring Data repository scanning in 23 ms. Found 1 JPA repository interfaces.
2023-10-12T09:06:01.421+09:00  INFO 17380 --- [restartedMain] o.s.b.w.embedded.tomcat.TomcatWebServer  : Tomcat initialized with port(s): 8080 (http)
2023-10-12T09:06:01.427+09:00  INFO 17380 --- [restartedMain] o.apache.catalina.core.StandardService   : Starting service [Tomcat]
2023-10-12T09:06:01.427+09:00  INFO 17380 --- [restartedMain] o.apache.catalina.core.StandardEngine    : Starting Servlet engine: [Apache Tomcat/10.1.13]
2023-10-12T09:06:01.464+09:00  INFO 17380 --- [restartedMain] o.a.c.c.C.[Tomcat].[localhost].[/]       : Initializing Spring embedded WebApplicationContext
2023-10-12T09:06:01.464+09:00  INFO 17380 --- [restartedMain] w.s.c.ServletWebServerApplicationContext : Root WebApplicationContext: initialization completed in 623 ms
2023-10-12T09:06:01.554+09:00  INFO 17380 --- [restartedMain] o.hibernate.jpa.internal.util.LogHelper  : HHH000204: Processing PersistenceUnitInfo [name: default]
2023-10-12T09:06:01.587+09:00  INFO 17380 --- [restartedMain] org.hibernate.Version                    : HHH000412: Hibernate ORM core version 6.2.9.Final
2023-10-12T09:06:01.589+09:00  INFO 17380 --- [restartedMain] org.hibernate.cfg.Environment            : HHH000406: Using bytecode reflection optimizer
2023-10-12T09:06:01.664+09:00  INFO 17380 --- [restartedMain] o.h.b.i.BytecodeProviderInitiator        : HHH000021: Bytecode provider name : bytebuddy
2023-10-12T09:06:01.744+09:00  INFO 17380 --- [restartedMain] o.s.o.j.p.SpringPersistenceUnitInfo      : No LoadTimeWeaver setup: ignoring JPA class transformer
2023-10-12T09:06:01.753+09:00  INFO 17380 --- [restartedMain] com.zaxxer.hikari.HikariDataSource       : HikariPool-1 - Starting...
2023-10-12T09:06:02.090+09:00  INFO 17380 --- [restartedMain] com.zaxxer.hikari.pool.HikariPool        : HikariPool-1 - Added connection com.mysql.cj.jdbc.ConnectionImpl@76ee291c
2023-10-12T09:06:02.094+09:00  INFO 17380 --- [restartedMain] com.zaxxer.hikari.HikariDataSource       : HikariPool-1 - Start completed.
2023-10-12T09:06:02.192+09:00  WARN 17380 --- [restartedMain] org.hibernate.orm.deprecation            : HHH90000026: MySQL57Dialect has been deprecated; use org.hibernate.dialect.MySQLDialect instead
2023-10-12T09:06:02.288+09:00  INFO 17380 --- [restartedMain] o.h.b.i.BytecodeProviderInitiator        : HHH000021: Bytecode provider name : bytebuddy
2023-10-12T09:06:02.612+09:00  INFO 17380 --- [restartedMain] o.h.e.t.j.p.i.JtaPlatformInitiator       : HHH000490: Using JtaPlatform implementation: [org.hibernate.engine.transaction.jta.platform.internal.NoJtaPlatform]
2023-10-12T09:06:02.752+09:00  INFO 17380 --- [restartedMain] j.LocalContainerEntityManagerFactoryBean : Initialized JPA EntityManagerFactory for persistence unit 'default'
2023-10-12T09:06:02.914+09:00  WARN 17380 --- [restartedMain] JpaBaseConfiguration$JpaWebConfiguration : spring.jpa.open-in-view is enabled by default. Therefore, database queries may be performed during view rendering. Explicitly configure spring.jpa.open-in-view to disable this warning
2023-10-12T09:06:02.985+09:00  INFO 17380 --- [restartedMain] o.s.b.a.w.s.WelcomePageHandlerMapping    : Adding welcome page template: index
2023-10-12T09:06:03.078+09:00  INFO 17380 --- [restartedMain] o.s.s.web.DefaultSecurityFilterChain     : Will secure any request with [org.springframework.security.web.session.DisableEncodeUrlFilter@14fafa8, org.springframework.security.web.context.request.async.WebAsyncManagerIntegrationFilter@a3f60d0, org.springframework.security.web.context.SecurityContextHolderFilter@6c0f17cf, org.springframework.security.web.header.HeaderWriterFilter@67602e8b, org.springframework.security.web.authentication.logout.LogoutFilter@6b7f3f53, org.springframework.security.oauth2.client.web.OAuth2AuthorizationRequestRedirectFilter@36aad514, org.springframework.security.oauth2.client.web.OAuth2LoginAuthenticationFilter@131793d6, org.springframework.security.web.authentication.UsernamePasswordAuthenticationFilter@393f32e1, org.springframework.security.web.savedrequest.RequestCacheAwareFilter@7f40e167, org.springframework.security.web.servletapi.SecurityContextHolderAwareRequestFilter@5c49b12c, org.springframework.security.web.authentication.AnonymousAuthenticationFilter@25a75f10, org.springframework.security.web.access.ExceptionTranslationFilter@554df765, org.springframework.security.web.access.intercept.AuthorizationFilter@6b1c0cf5]
2023-10-12T09:06:03.197+09:00  INFO 17380 --- [restartedMain] o.s.b.d.a.OptionalLiveReloadServer       : LiveReload server is running on port 35729
2023-10-12T09:06:03.217+09:00  INFO 17380 --- [restartedMain] o.s.b.w.embedded.tomcat.TomcatWebServer  : Tomcat started on port(s): 8080 (http) with context path ''
2023-10-12T09:06:03.222+09:00  INFO 17380 --- [restartedMain] kr.ch12.Ch12Application                  : Started Ch12Application in 2.596 seconds (process running for 2.942)
2023-10-12T09:06:21.025+09:00  INFO 17380 --- [RMI TCP Connection(2)-127.0.0.1] inMXBeanRegistrar$SpringApplicationAdmin : Application shutdown requested.
2023-10-12T09:06:21.032+09:00  INFO 17380 --- [RMI TCP Connection(2)-127.0.0.1] o.apache.catalina.core.StandardService   : Stopping service [Tomcat]
2023-10-12T09:06:21.038+09:00  INFO 17380 --- [RMI TCP Connection(2)-127.0.0.1] j.LocalContainerEntityManagerFactoryBean : Closing JPA EntityManagerFactory for persistence unit 'default'
2023-10-12T09:06:21.041+09:00  INFO 17380 --- [RMI TCP Connection(2)-127.0.0.1] com.zaxxer.hikari.HikariDataSource       : HikariPool-1 - Shutdown initiated...
2023-10-12T09:06:21.144+09:00  INFO 17380 --- [RMI TCP Connection(2)-127.0.0.1] com.zaxxer.hikari.HikariDataSource       : HikariPool-1 - Shutdown completed.
