2023-10-10T14:43:44.710+09:00  INFO 15740 --- [restartedMain] kr.co.sboard.SboardApplication           : Starting SboardApplication using Java 17.0.8 with PID 15740 (C:\Users\JAVA\Desktop\Workspace\Spring\Sboard\build\classes\java\main started by JAVA in C:\Users\JAVA\Desktop\Workspace\Spring\Sboard)
2023-10-10T14:43:44.711+09:00  INFO 15740 --- [restartedMain] kr.co.sboard.SboardApplication           : No active profile set, falling back to 1 default profile: "default"
2023-10-10T14:43:44.735+09:00  INFO 15740 --- [restartedMain] .e.DevToolsPropertyDefaultsPostProcessor : Devtools property defaults active! Set 'spring.devtools.add-properties' to 'false' to disable
2023-10-10T14:43:44.735+09:00  INFO 15740 --- [restartedMain] .e.DevToolsPropertyDefaultsPostProcessor : For additional web related logging consider setting the 'logging.level.web' property to 'DEBUG'
2023-10-10T14:43:45.064+09:00  INFO 15740 --- [restartedMain] .s.d.r.c.RepositoryConfigurationDelegate : Bootstrapping Spring Data JPA repositories in DEFAULT mode.
2023-10-10T14:43:45.071+09:00  INFO 15740 --- [restartedMain] .s.d.r.c.RepositoryConfigurationDelegate : Finished Spring Data repository scanning in 2 ms. Found 0 JPA repository interfaces.
2023-10-10T14:43:45.133+09:00  WARN 15740 --- [restartedMain] o.m.s.mapper.ClassPathMapperScanner      : No MyBatis mapper was found in '[kr.co.sboard]' package. Please check your configuration.
2023-10-10T14:43:45.389+09:00  INFO 15740 --- [restartedMain] o.s.b.w.embedded.tomcat.TomcatWebServer  : Tomcat initialized with port(s): 8080 (http)
2023-10-10T14:43:45.394+09:00  INFO 15740 --- [restartedMain] o.apache.catalina.core.StandardService   : Starting service [Tomcat]
2023-10-10T14:43:45.395+09:00  INFO 15740 --- [restartedMain] o.apache.catalina.core.StandardEngine    : Starting Servlet engine: [Apache Tomcat/10.1.13]
2023-10-10T14:43:45.428+09:00  INFO 15740 --- [restartedMain] o.a.c.c.C.[Tomcat].[localhost].[/]       : Initializing Spring embedded WebApplicationContext
2023-10-10T14:43:45.428+09:00  INFO 15740 --- [restartedMain] w.s.c.ServletWebServerApplicationContext : Root WebApplicationContext: initialization completed in 693 ms
2023-10-10T14:43:45.512+09:00  INFO 15740 --- [restartedMain] o.hibernate.jpa.internal.util.LogHelper  : HHH000204: Processing PersistenceUnitInfo [name: default]
2023-10-10T14:43:45.536+09:00  INFO 15740 --- [restartedMain] org.hibernate.Version                    : HHH000412: Hibernate ORM core version 6.2.9.Final
2023-10-10T14:43:45.537+09:00  INFO 15740 --- [restartedMain] org.hibernate.cfg.Environment            : HHH000406: Using bytecode reflection optimizer
2023-10-10T14:43:45.602+09:00  INFO 15740 --- [restartedMain] o.h.b.i.BytecodeProviderInitiator        : HHH000021: Bytecode provider name : bytebuddy
2023-10-10T14:43:45.667+09:00  INFO 15740 --- [restartedMain] o.s.o.j.p.SpringPersistenceUnitInfo      : No LoadTimeWeaver setup: ignoring JPA class transformer
2023-10-10T14:43:45.675+09:00  INFO 15740 --- [restartedMain] com.zaxxer.hikari.HikariDataSource       : HikariPool-1 - Starting...
2023-10-10T14:43:45.913+09:00  INFO 15740 --- [restartedMain] com.zaxxer.hikari.pool.HikariPool        : HikariPool-1 - Added connection com.mysql.cj.jdbc.ConnectionImpl@746bba36
2023-10-10T14:43:45.914+09:00  INFO 15740 --- [restartedMain] com.zaxxer.hikari.HikariDataSource       : HikariPool-1 - Start completed.
2023-10-10T14:43:45.952+09:00  WARN 15740 --- [restartedMain] org.hibernate.orm.deprecation            : HHH90000026: MySQL57Dialect has been deprecated; use org.hibernate.dialect.MySQLDialect instead
2023-10-10T14:43:45.995+09:00  INFO 15740 --- [restartedMain] o.h.b.i.BytecodeProviderInitiator        : HHH000021: Bytecode provider name : bytebuddy
2023-10-10T14:43:46.101+09:00  INFO 15740 --- [restartedMain] o.h.e.t.j.p.i.JtaPlatformInitiator       : HHH000490: Using JtaPlatform implementation: [org.hibernate.engine.transaction.jta.platform.internal.NoJtaPlatform]
2023-10-10T14:43:46.104+09:00  INFO 15740 --- [restartedMain] j.LocalContainerEntityManagerFactoryBean : Initialized JPA EntityManagerFactory for persistence unit 'default'
2023-10-10T14:43:46.125+09:00  WARN 15740 --- [restartedMain] JpaBaseConfiguration$JpaWebConfiguration : spring.jpa.open-in-view is enabled by default. Therefore, database queries may be performed during view rendering. Explicitly configure spring.jpa.open-in-view to disable this warning
2023-10-10T14:43:46.199+09:00  INFO 15740 --- [restartedMain] o.s.b.a.w.s.WelcomePageHandlerMapping    : Adding welcome page template: index
2023-10-10T14:43:46.381+09:00  INFO 15740 --- [restartedMain] o.s.s.web.DefaultSecurityFilterChain     : Will secure any request with [org.springframework.security.web.session.DisableEncodeUrlFilter@53d2095d, org.springframework.security.web.context.request.async.WebAsyncManagerIntegrationFilter@bfcf7ef, org.springframework.security.web.context.SecurityContextHolderFilter@19ddfbba, org.springframework.security.web.header.HeaderWriterFilter@666584c6, org.springframework.security.web.csrf.CsrfFilter@61848cb8, org.springframework.security.web.authentication.logout.LogoutFilter@50dbfd7c, org.springframework.security.web.authentication.UsernamePasswordAuthenticationFilter@58923218, org.springframework.security.web.authentication.ui.DefaultLoginPageGeneratingFilter@1b78325c, org.springframework.security.web.authentication.ui.DefaultLogoutPageGeneratingFilter@5513cfdd, org.springframework.security.web.authentication.www.BasicAuthenticationFilter@5a6052ca, org.springframework.security.web.savedrequest.RequestCacheAwareFilter@3dfe89ea, org.springframework.security.web.servletapi.SecurityContextHolderAwareRequestFilter@70f1abec, org.springframework.security.web.authentication.AnonymousAuthenticationFilter@27950bbe, org.springframework.security.web.access.ExceptionTranslationFilter@1c7bb7f7, org.springframework.security.web.access.intercept.AuthorizationFilter@4469aa18]
2023-10-10T14:43:46.402+09:00  INFO 15740 --- [restartedMain] o.s.b.d.a.OptionalLiveReloadServer       : LiveReload server is running on port 35729
2023-10-10T14:43:46.418+09:00  INFO 15740 --- [restartedMain] o.s.b.w.embedded.tomcat.TomcatWebServer  : Tomcat started on port(s): 8080 (http) with context path ''
2023-10-10T14:43:46.423+09:00  INFO 15740 --- [restartedMain] kr.co.sboard.SboardApplication           : Started SboardApplication in 1.917 seconds (process running for 2.117)
2023-10-10T14:46:25.882+09:00  INFO 15740 --- [http-nio-8080-exec-1] o.a.c.c.C.[Tomcat].[localhost].[/]       : Initializing Spring DispatcherServlet 'dispatcherServlet'
2023-10-10T14:46:25.883+09:00  INFO 15740 --- [http-nio-8080-exec-1] o.s.web.servlet.DispatcherServlet        : Initializing Servlet 'dispatcherServlet'
2023-10-10T14:46:25.884+09:00  INFO 15740 --- [http-nio-8080-exec-1] o.s.web.servlet.DispatcherServlet        : Completed initialization in 1 ms
2023-10-10T14:46:25.888+09:00 DEBUG 15740 --- [http-nio-8080-exec-1] o.s.security.web.FilterChainProxy        : Securing GET /
2023-10-10T14:46:25.893+09:00 DEBUG 15740 --- [http-nio-8080-exec-1] o.s.s.w.a.AnonymousAuthenticationFilter  : Set SecurityContextHolder to anonymous SecurityContext
2023-10-10T14:46:25.920+09:00 DEBUG 15740 --- [http-nio-8080-exec-1] o.s.s.w.s.HttpSessionRequestCache        : Saved request http://localhost:8080/?continue to session
2023-10-10T14:46:25.922+09:00 DEBUG 15740 --- [http-nio-8080-exec-1] s.w.a.DelegatingAuthenticationEntryPoint : Trying to match using And [Not [RequestHeaderRequestMatcher [expectedHeaderName=X-Requested-With, expectedHeaderValue=XMLHttpRequest]], MediaTypeRequestMatcher [contentNegotiationStrategy=org.springframework.web.accept.ContentNegotiationManager@30e36b4a, matchingMediaTypes=[application/xhtml+xml, image/*, text/html, text/plain], useEquals=false, ignoredMediaTypes=[*/*]]]
2023-10-10T14:46:25.922+09:00 DEBUG 15740 --- [http-nio-8080-exec-1] s.w.a.DelegatingAuthenticationEntryPoint : Match found! Executing org.springframework.security.web.authentication.LoginUrlAuthenticationEntryPoint@ca8676e
2023-10-10T14:46:25.923+09:00 DEBUG 15740 --- [http-nio-8080-exec-1] o.s.s.web.DefaultRedirectStrategy        : Redirecting to http://localhost:8080/login
2023-10-10T14:46:25.927+09:00 DEBUG 15740 --- [http-nio-8080-exec-3] o.s.security.web.FilterChainProxy        : Securing GET /login
2023-10-10T14:47:15.588+09:00 DEBUG 15740 --- [http-nio-8080-exec-4] o.s.security.web.FilterChainProxy        : Securing POST /login
2023-10-10T14:47:15.711+09:00 DEBUG 15740 --- [http-nio-8080-exec-4] o.s.s.a.dao.DaoAuthenticationProvider    : Authenticated user
2023-10-10T14:47:15.713+09:00 DEBUG 15740 --- [http-nio-8080-exec-4] .s.ChangeSessionIdAuthenticationStrategy : Changed session id from 0C592DBFAC97F56F3B6524430CABF32F
2023-10-10T14:47:15.713+09:00 DEBUG 15740 --- [http-nio-8080-exec-4] o.s.s.w.csrf.CsrfAuthenticationStrategy  : Replaced CSRF Token
2023-10-10T14:47:15.713+09:00 DEBUG 15740 --- [http-nio-8080-exec-4] w.c.HttpSessionSecurityContextRepository : Stored SecurityContextImpl [Authentication=UsernamePasswordAuthenticationToken [Principal=org.springframework.security.core.userdetails.User [Username=user, Password=[PROTECTED], Enabled=true, AccountNonExpired=true, credentialsNonExpired=true, AccountNonLocked=true, Granted Authorities=[]], Credentials=[PROTECTED], Authenticated=true, Details=WebAuthenticationDetails [RemoteIpAddress=0:0:0:0:0:0:0:1, SessionId=0C592DBFAC97F56F3B6524430CABF32F], Granted Authorities=[]]] to HttpSession [org.apache.catalina.session.StandardSessionFacade@b3f7806]
2023-10-10T14:47:15.714+09:00 DEBUG 15740 --- [http-nio-8080-exec-4] w.a.UsernamePasswordAuthenticationFilter : Set SecurityContextHolder to UsernamePasswordAuthenticationToken [Principal=org.springframework.security.core.userdetails.User [Username=user, Password=[PROTECTED], Enabled=true, AccountNonExpired=true, credentialsNonExpired=true, AccountNonLocked=true, Granted Authorities=[]], Credentials=[PROTECTED], Authenticated=true, Details=WebAuthenticationDetails [RemoteIpAddress=0:0:0:0:0:0:0:1, SessionId=0C592DBFAC97F56F3B6524430CABF32F], Granted Authorities=[]]
2023-10-10T14:47:15.714+09:00 DEBUG 15740 --- [http-nio-8080-exec-4] o.s.s.web.DefaultRedirectStrategy        : Redirecting to http://localhost:8080/?continue
2023-10-10T14:47:15.716+09:00 DEBUG 15740 --- [http-nio-8080-exec-2] o.s.security.web.FilterChainProxy        : Securing GET /?continue
2023-10-10T14:47:15.719+09:00 DEBUG 15740 --- [http-nio-8080-exec-2] o.s.s.w.s.HttpSessionRequestCache        : Loaded matching saved request http://localhost:8080/?continue
2023-10-10T14:47:15.720+09:00 DEBUG 15740 --- [http-nio-8080-exec-2] w.c.HttpSessionSecurityContextRepository : Retrieved SecurityContextImpl [Authentication=UsernamePasswordAuthenticationToken [Principal=org.springframework.security.core.userdetails.User [Username=user, Password=[PROTECTED], Enabled=true, AccountNonExpired=true, credentialsNonExpired=true, AccountNonLocked=true, Granted Authorities=[]], Credentials=[PROTECTED], Authenticated=true, Details=WebAuthenticationDetails [RemoteIpAddress=0:0:0:0:0:0:0:1, SessionId=0C592DBFAC97F56F3B6524430CABF32F], Granted Authorities=[]]]
2023-10-10T14:47:15.720+09:00 DEBUG 15740 --- [http-nio-8080-exec-2] o.s.security.web.FilterChainProxy        : Secured GET /?continue
2023-10-10T14:47:31.548+09:00 DEBUG 15740 --- [http-nio-8080-exec-5] o.s.security.web.FilterChainProxy        : Securing GET /
2023-10-10T14:47:31.549+09:00 DEBUG 15740 --- [http-nio-8080-exec-5] w.c.HttpSessionSecurityContextRepository : Retrieved SecurityContextImpl [Authentication=UsernamePasswordAuthenticationToken [Principal=org.springframework.security.core.userdetails.User [Username=user, Password=[PROTECTED], Enabled=true, AccountNonExpired=true, credentialsNonExpired=true, AccountNonLocked=true, Granted Authorities=[]], Credentials=[PROTECTED], Authenticated=true, Details=WebAuthenticationDetails [RemoteIpAddress=0:0:0:0:0:0:0:1, SessionId=0C592DBFAC97F56F3B6524430CABF32F], Granted Authorities=[]]]
2023-10-10T14:47:31.550+09:00 DEBUG 15740 --- [http-nio-8080-exec-5] o.s.security.web.FilterChainProxy        : Secured GET /
2023-10-10T14:50:33.598+09:00 DEBUG 15740 --- [http-nio-8080-exec-9] o.s.security.web.FilterChainProxy        : Securing GET /user/login
2023-10-10T14:50:33.599+09:00 DEBUG 15740 --- [http-nio-8080-exec-9] w.c.HttpSessionSecurityContextRepository : Retrieved SecurityContextImpl [Authentication=UsernamePasswordAuthenticationToken [Principal=org.springframework.security.core.userdetails.User [Username=user, Password=[PROTECTED], Enabled=true, AccountNonExpired=true, credentialsNonExpired=true, AccountNonLocked=true, Granted Authorities=[]], Credentials=[PROTECTED], Authenticated=true, Details=WebAuthenticationDetails [RemoteIpAddress=0:0:0:0:0:0:0:1, SessionId=0C592DBFAC97F56F3B6524430CABF32F], Granted Authorities=[]]]
2023-10-10T14:50:33.599+09:00 DEBUG 15740 --- [http-nio-8080-exec-9] o.s.security.web.FilterChainProxy        : Secured GET /user/login
2023-10-10T14:50:33.608+09:00 DEBUG 15740 --- [http-nio-8080-exec-9] o.s.security.web.FilterChainProxy        : Securing GET /error
2023-10-10T14:50:33.609+09:00 DEBUG 15740 --- [http-nio-8080-exec-9] w.c.HttpSessionSecurityContextRepository : Retrieved SecurityContextImpl [Authentication=UsernamePasswordAuthenticationToken [Principal=org.springframework.security.core.userdetails.User [Username=user, Password=[PROTECTED], Enabled=true, AccountNonExpired=true, credentialsNonExpired=true, AccountNonLocked=true, Granted Authorities=[]], Credentials=[PROTECTED], Authenticated=true, Details=WebAuthenticationDetails [RemoteIpAddress=0:0:0:0:0:0:0:1, SessionId=0C592DBFAC97F56F3B6524430CABF32F], Granted Authorities=[]]]
2023-10-10T14:50:33.609+09:00 DEBUG 15740 --- [http-nio-8080-exec-9] o.s.security.web.FilterChainProxy        : Secured GET /error
2023-10-10T14:50:38.476+09:00 DEBUG 15740 --- [http-nio-8080-exec-10] o.s.security.web.FilterChainProxy        : Securing GET /user/login.html
2023-10-10T14:50:38.476+09:00 DEBUG 15740 --- [http-nio-8080-exec-10] w.c.HttpSessionSecurityContextRepository : Retrieved SecurityContextImpl [Authentication=UsernamePasswordAuthenticationToken [Principal=org.springframework.security.core.userdetails.User [Username=user, Password=[PROTECTED], Enabled=true, AccountNonExpired=true, credentialsNonExpired=true, AccountNonLocked=true, Granted Authorities=[]], Credentials=[PROTECTED], Authenticated=true, Details=WebAuthenticationDetails [RemoteIpAddress=0:0:0:0:0:0:0:1, SessionId=0C592DBFAC97F56F3B6524430CABF32F], Granted Authorities=[]]]
2023-10-10T14:50:38.476+09:00 DEBUG 15740 --- [http-nio-8080-exec-10] o.s.security.web.FilterChainProxy        : Secured GET /user/login.html
2023-10-10T14:50:38.480+09:00 DEBUG 15740 --- [http-nio-8080-exec-10] o.s.security.web.FilterChainProxy        : Securing GET /error
2023-10-10T14:50:38.480+09:00 DEBUG 15740 --- [http-nio-8080-exec-10] w.c.HttpSessionSecurityContextRepository : Retrieved SecurityContextImpl [Authentication=UsernamePasswordAuthenticationToken [Principal=org.springframework.security.core.userdetails.User [Username=user, Password=[PROTECTED], Enabled=true, AccountNonExpired=true, credentialsNonExpired=true, AccountNonLocked=true, Granted Authorities=[]], Credentials=[PROTECTED], Authenticated=true, Details=WebAuthenticationDetails [RemoteIpAddress=0:0:0:0:0:0:0:1, SessionId=0C592DBFAC97F56F3B6524430CABF32F], Granted Authorities=[]]]
2023-10-10T14:50:38.480+09:00 DEBUG 15740 --- [http-nio-8080-exec-10] o.s.security.web.FilterChainProxy        : Secured GET /error
2023-10-10T14:50:46.085+09:00 DEBUG 15740 --- [http-nio-8080-exec-1] o.s.security.web.FilterChainProxy        : Securing GET /user/login
2023-10-10T14:50:46.085+09:00 DEBUG 15740 --- [http-nio-8080-exec-1] w.c.HttpSessionSecurityContextRepository : Retrieved SecurityContextImpl [Authentication=UsernamePasswordAuthenticationToken [Principal=org.springframework.security.core.userdetails.User [Username=user, Password=[PROTECTED], Enabled=true, AccountNonExpired=true, credentialsNonExpired=true, AccountNonLocked=true, Granted Authorities=[]], Credentials=[PROTECTED], Authenticated=true, Details=WebAuthenticationDetails [RemoteIpAddress=0:0:0:0:0:0:0:1, SessionId=0C592DBFAC97F56F3B6524430CABF32F], Granted Authorities=[]]]
2023-10-10T14:50:46.086+09:00 DEBUG 15740 --- [http-nio-8080-exec-1] o.s.security.web.FilterChainProxy        : Secured GET /user/login
2023-10-10T14:50:46.092+09:00 DEBUG 15740 --- [http-nio-8080-exec-1] o.s.security.web.FilterChainProxy        : Securing GET /error
2023-10-10T14:50:46.092+09:00 DEBUG 15740 --- [http-nio-8080-exec-1] w.c.HttpSessionSecurityContextRepository : Retrieved SecurityContextImpl [Authentication=UsernamePasswordAuthenticationToken [Principal=org.springframework.security.core.userdetails.User [Username=user, Password=[PROTECTED], Enabled=true, AccountNonExpired=true, credentialsNonExpired=true, AccountNonLocked=true, Granted Authorities=[]], Credentials=[PROTECTED], Authenticated=true, Details=WebAuthenticationDetails [RemoteIpAddress=0:0:0:0:0:0:0:1, SessionId=0C592DBFAC97F56F3B6524430CABF32F], Granted Authorities=[]]]
2023-10-10T14:50:46.092+09:00 DEBUG 15740 --- [http-nio-8080-exec-1] o.s.security.web.FilterChainProxy        : Secured GET /error
2023-10-10T14:50:58.678+09:00 DEBUG 15740 --- [http-nio-8080-exec-3] o.s.security.web.FilterChainProxy        : Securing GET /
2023-10-10T14:50:58.679+09:00 DEBUG 15740 --- [http-nio-8080-exec-3] w.c.HttpSessionSecurityContextRepository : Retrieved SecurityContextImpl [Authentication=UsernamePasswordAuthenticationToken [Principal=org.springframework.security.core.userdetails.User [Username=user, Password=[PROTECTED], Enabled=true, AccountNonExpired=true, credentialsNonExpired=true, AccountNonLocked=true, Granted Authorities=[]], Credentials=[PROTECTED], Authenticated=true, Details=WebAuthenticationDetails [RemoteIpAddress=0:0:0:0:0:0:0:1, SessionId=0C592DBFAC97F56F3B6524430CABF32F], Granted Authorities=[]]]
2023-10-10T14:50:58.679+09:00 DEBUG 15740 --- [http-nio-8080-exec-3] o.s.security.web.FilterChainProxy        : Secured GET /
2023-10-10T14:52:00.766+09:00 DEBUG 15740 --- [http-nio-8080-exec-6] o.s.security.web.FilterChainProxy        : Securing GET /user/login
2023-10-10T14:52:00.767+09:00 DEBUG 15740 --- [http-nio-8080-exec-6] w.c.HttpSessionSecurityContextRepository : Retrieved SecurityContextImpl [Authentication=UsernamePasswordAuthenticationToken [Principal=org.springframework.security.core.userdetails.User [Username=user, Password=[PROTECTED], Enabled=true, AccountNonExpired=true, credentialsNonExpired=true, AccountNonLocked=true, Granted Authorities=[]], Credentials=[PROTECTED], Authenticated=true, Details=WebAuthenticationDetails [RemoteIpAddress=0:0:0:0:0:0:0:1, SessionId=0C592DBFAC97F56F3B6524430CABF32F], Granted Authorities=[]]]
2023-10-10T14:52:00.767+09:00 DEBUG 15740 --- [http-nio-8080-exec-6] o.s.security.web.FilterChainProxy        : Secured GET /user/login
2023-10-10T14:52:00.772+09:00 DEBUG 15740 --- [http-nio-8080-exec-6] o.s.security.web.FilterChainProxy        : Securing GET /error
2023-10-10T14:52:00.773+09:00 DEBUG 15740 --- [http-nio-8080-exec-6] w.c.HttpSessionSecurityContextRepository : Retrieved SecurityContextImpl [Authentication=UsernamePasswordAuthenticationToken [Principal=org.springframework.security.core.userdetails.User [Username=user, Password=[PROTECTED], Enabled=true, AccountNonExpired=true, credentialsNonExpired=true, AccountNonLocked=true, Granted Authorities=[]], Credentials=[PROTECTED], Authenticated=true, Details=WebAuthenticationDetails [RemoteIpAddress=0:0:0:0:0:0:0:1, SessionId=0C592DBFAC97F56F3B6524430CABF32F], Granted Authorities=[]]]
2023-10-10T14:52:00.773+09:00 DEBUG 15740 --- [http-nio-8080-exec-6] o.s.security.web.FilterChainProxy        : Secured GET /error
